<?xml version="1.0" encoding="utf-8"?><testsuites name="pytest tests"><testsuite name="pytest" errors="0" failures="0" skipped="0" tests="2" time="2.158" timestamp="2026-07-31T14:17:14.864504+00:00" hostname="agent-env-544aa92c-744a-4b31-8bd3-1b17cb2a7575"><testcase classname="tests.backend_test.TestAuthenticationPlaybook" name="test_login_sets_httponly_cookie" time="0.414" /><testcase classname="tests.backend_test.TestAuthenticationPlaybook" name="test_new_password_hash_is_bcrypt_2b_and_not_exposed" time="0.820" /></testsuite></testsuites>