<?xml version="1.0" encoding="utf-8"?><testsuites name="pytest tests"><testsuite name="pytest" errors="0" failures="0" skipped="0" tests="9" time="3.891" timestamp="2026-07-31T13:59:30.062194+00:00" hostname="agent-env-544aa92c-744a-4b31-8bd3-1b17cb2a7575"><testcase classname="tests.backend_test.TestNewHostersAndSecurity" name="test_all_eight_seeded_hosters_and_tiers" time="0.462" /><testcase classname="tests.backend_test.TestNewHostersAndSecurity" name="test_new_hoster_missing_key_is_graceful_and_secret_free[playmate]" time="0.104" /><testcase classname="tests.backend_test.TestNewHostersAndSecurity" name="test_new_hoster_missing_key_is_graceful_and_secret_free[vidara]" time="0.106" /><testcase classname="tests.backend_test.TestNewHostersAndSecurity" name="test_new_hoster_missing_key_is_graceful_and_secret_free[streamtape]" time="0.126" /><testcase classname="tests.backend_test.TestNewHostersAndSecurity" name="test_new_hoster_missing_key_is_graceful_and_secret_free[vinovo]" time="0.106" /><testcase classname="tests.backend_test.TestNewHostersAndSecurity" name="test_new_hoster_missing_key_is_graceful_and_secret_free[vidnest]" time="0.103" /><testcase classname="tests.backend_test.TestNewHostersAndSecurity" name="test_settings_antiadblock_roundtrip_and_turnstile_secret_never_leaks" time="0.542" /><testcase classname="tests.backend_test.TestNewHostersAndSecurity" name="test_login_alert_created_listed_and_cleared" time="0.729" /><testcase classname="tests.backend_test.TestNewHostersAndSecurity" name="test_login_alerts_require_admin" time="0.873" /></testsuite></testsuites>