<?xml version="1.0" encoding="utf-8"?><testsuites name="pytest tests"><testsuite name="pytest" errors="0" failures="1" skipped="0" tests="4" time="2.655" timestamp="2026-07-31T15:42:46.708235+00:00" hostname="agent-env-544aa92c-744a-4b31-8bd3-1b17cb2a7575"><testcase classname="tests.backend_test.TestAuthenticationPlaybook" name="test_login_sets_httponly_cookie" time="0.341" /><testcase classname="tests.backend_test.TestAuthenticationPlaybook" name="test_new_password_hash_is_bcrypt_2b_and_not_exposed" time="0.945" /><testcase classname="tests.backend_test.TestAuthenticationPlaybook" name="test_brute_force_lockout_after_five_failures" time="0.703" /><testcase classname="tests.backend_test.TestAuthenticationPlaybook" name="test_cors_preflight_supports_credentialed_origin" time="0.070"><failure message="AssertionError: assert None == 'true'&#10; +  where None = get('access-control-allow-credentials')&#10; +    where get = {'Date': 'Fri, 31 Jul 2026 15:42:49 GMT', 'Connection': 'keep-alive', 'Access-Control-Allow-Origin': '*', 'Access-Control-Allow-Headers': '*', 'Access-Control-Allow-Methods': 'GET, POST, PUT, DELETE, OPTIONS, HEAD, PATCH', 'Access-Control-Max-Age': '300', 'set-cookie': '__cf_bm=n1g_WwqiE1TM_mbjs7lu85CuPafEpQdFBBrx7RhcVu4-1785512569.2127411-1.0.1.1-rQMjSULYQc9G3zB9mnwp7Xdy0zREsIXFraZaDAPELHu.Y3RDoC1A7.7zzxD9K9YM1LP_JlnLSyU501X_fpc09Lfo.GYFWkl53fYjxjuj9I7Q.T4T1UcclUMXZ2X5qWV.; HttpOnly; SameSite=None; Secure; Path=/; Domain=preview.emergentagent.com; Expires=Fri, 31 Jul 2026 16:12:49 GMT', 'X-Robots-Tag': 'noindex, nofollow', 'Server': 'cloudflare', 'CF-RAY': 'a23db7159f1aba2c-ORD'}.get&#10; +      where {'Date': 'Fri, 31 Jul 2026 15:42:49 GMT', 'Connection': 'keep-alive', 'Access-Control-Allow-Origin': '*', 'Access-Control-Allow-Headers': '*', 'Access-Control-Allow-Methods': 'GET, POST, PUT, DELETE, OPTIONS, HEAD, PATCH', 'Access-Control-Max-Age': '300', 'set-cookie': '__cf_bm=n1g_WwqiE1TM_mbjs7lu85CuPafEpQdFBBrx7RhcVu4-1785512569.2127411-1.0.1.1-rQMjSULYQc9G3zB9mnwp7Xdy0zREsIXFraZaDAPELHu.Y3RDoC1A7.7zzxD9K9YM1LP_JlnLSyU501X_fpc09Lfo.GYFWkl53fYjxjuj9I7Q.T4T1UcclUMXZ2X5qWV.; HttpOnly; SameSite=None; Secure; Path=/; Domain=preview.emergentagent.com; Expires=Fri, 31 Jul 2026 16:12:49 GMT', 'X-Robots-Tag': 'noindex, nofollow', 'Server': 'cloudflare', 'CF-RAY': 'a23db7159f1aba2c-ORD'} = &lt;Response [204]&gt;.headers">backend/tests/backend_test.py:1243: in test_cors_preflight_supports_credentialed_origin
    assert response.headers.get("access-control-allow-credentials") == "true"
E   AssertionError: assert None == 'true'
E    +  where None = get('access-control-allow-credentials')
E    +    where get = {'Date': 'Fri, 31 Jul 2026 15:42:49 GMT', 'Connection': 'keep-alive', 'Access-Control-Allow-Origin': '*', 'Access-Control-Allow-Headers': '*', 'Access-Control-Allow-Methods': 'GET, POST, PUT, DELETE, OPTIONS, HEAD, PATCH', 'Access-Control-Max-Age': '300', 'set-cookie': '__cf_bm=n1g_WwqiE1TM_mbjs7lu85CuPafEpQdFBBrx7RhcVu4-1785512569.2127411-1.0.1.1-rQMjSULYQc9G3zB9mnwp7Xdy0zREsIXFraZaDAPELHu.Y3RDoC1A7.7zzxD9K9YM1LP_JlnLSyU501X_fpc09Lfo.GYFWkl53fYjxjuj9I7Q.T4T1UcclUMXZ2X5qWV.; HttpOnly; SameSite=None; Secure; Path=/; Domain=preview.emergentagent.com; Expires=Fri, 31 Jul 2026 16:12:49 GMT', 'X-Robots-Tag': 'noindex, nofollow', 'Server': 'cloudflare', 'CF-RAY': 'a23db7159f1aba2c-ORD'}.get
E    +      where {'Date': 'Fri, 31 Jul 2026 15:42:49 GMT', 'Connection': 'keep-alive', 'Access-Control-Allow-Origin': '*', 'Access-Control-Allow-Headers': '*', 'Access-Control-Allow-Methods': 'GET, POST, PUT, DELETE, OPTIONS, HEAD, PATCH', 'Access-Control-Max-Age': '300', 'set-cookie': '__cf_bm=n1g_WwqiE1TM_mbjs7lu85CuPafEpQdFBBrx7RhcVu4-1785512569.2127411-1.0.1.1-rQMjSULYQc9G3zB9mnwp7Xdy0zREsIXFraZaDAPELHu.Y3RDoC1A7.7zzxD9K9YM1LP_JlnLSyU501X_fpc09Lfo.GYFWkl53fYjxjuj9I7Q.T4T1UcclUMXZ2X5qWV.; HttpOnly; SameSite=None; Secure; Path=/; Domain=preview.emergentagent.com; Expires=Fri, 31 Jul 2026 16:12:49 GMT', 'X-Robots-Tag': 'noindex, nofollow', 'Server': 'cloudflare', 'CF-RAY': 'a23db7159f1aba2c-ORD'} = &lt;Response [204]&gt;.headers</failure></testcase></testsuite></testsuites>