<?xml version="1.0" encoding="utf-8"?><testsuites name="pytest tests"><testsuite name="pytest" errors="0" failures="2" skipped="0" tests="63" time="95.725" timestamp="2026-07-31T14:02:59.733488+00:00" hostname="agent-env-544aa92c-744a-4b31-8bd3-1b17cb2a7575"><testcase classname="tests.backend_test.TestNewHostersAndSecurity" name="test_all_eight_seeded_hosters_and_tiers" time="0.611" /><testcase classname="tests.backend_test.TestNewHostersAndSecurity" name="test_new_hoster_missing_key_is_graceful_and_secret_free[playmate]" time="0.332" /><testcase classname="tests.backend_test.TestNewHostersAndSecurity" name="test_new_hoster_missing_key_is_graceful_and_secret_free[vidara]" time="0.132" /><testcase classname="tests.backend_test.TestMirrors" name="test_create_and_list_mirror" time="1.308" /><testcase classname="tests.backend_test.TestNewHostersAndSecurity" name="test_new_hoster_missing_key_is_graceful_and_secret_free[streamtape]" time="0.103" /><testcase classname="tests.backend_test.TestNewHostersAndSecurity" name="test_new_hoster_missing_key_is_graceful_and_secret_free[vinovo]" time="0.123" /><testcase classname="tests.backend_test.TestNewHostersAndSecurity" name="test_new_hoster_missing_key_is_graceful_and_secret_free[vidnest]" time="0.106" /><testcase classname="tests.backend_test.TestMirrors" name="test_dashboard_stats" time="0.113" /><testcase classname="tests.backend_test.TestNewHostersAndSecurity" name="test_settings_antiadblock_roundtrip_and_turnstile_secret_never_leaks" time="0.589" /><testcase classname="tests.backend_test.TestMirrors" name="test_embed_public_no_auth_sorting_ES" time="1.643" /><testcase classname="tests.backend_test.TestNewHostersAndSecurity" name="test_login_alert_created_listed_and_cleared" time="0.739" /><testcase classname="tests.backend_test.TestNewHostersAndSecurity" name="test_login_alerts_require_admin" time="0.430" /><testcase classname="tests.backend_test.TestMirrors" name="test_embed_public_no_auth_sorting_US" time="0.102" /><testcase classname="tests.backend_test.TestMirrors" name="test_mirror_stats" time="0.103" /><testcase classname="tests.backend_test.TestFireStreamAndHostKeys" name="test_admin_login_returns_access_token" time="0.351" /><testcase classname="tests.backend_test.TestMirrors" name="test_check_mirror" time="0.950" /><testcase classname="tests.backend_test.TestFireStreamAndHostKeys" name="test_authenticated_user_gets_only_masked_host_keys" time="0.102" /><testcase classname="tests.backend_test.TestFireStreamAndHostKeys" name="test_existing_firestream_key_survives_omitted_and_empty_updates" time="0.303" /><testcase classname="tests.backend_test.TestFireStreamAndHostKeys" name="test_create_and_replace_new_host_key_without_leak" time="0.479" /><testcase classname="tests.backend_test.TestMirrors" name="test_update_mirror" time="0.113" /><testcase classname="tests.backend_test.TestMirrors" name="test_delete_mirror" time="0.243" /><testcase classname="tests.backend_test.TestFireStreamAndHostKeys" name="test_firestream_link_resolution[https://firestream.to/e/1uuFmyaj-online-API Upload Test]" time="2.560" /><testcase classname="tests.backend_test.TestHostApiIntegration" name="test_hosts_have_api_provider" time="0.000" /><testcase classname="tests.backend_test.TestHostApiIntegration" name="test_embed_smiooaxb_uses_api_domains" time="1.332" /><testcase classname="tests.backend_test.TestHostApiIntegration" name="test_embed_smiooaxb_returns_thumbnail" time="0.123" /><testcase classname="tests.backend_test.TestHostApiIntegration" name="test_manual_check_uses_api_populates_title" time="1.452" /><testcase classname="tests.backend_test.TestFireStreamAndHostKeys" name="test_firestream_link_resolution[https://firestream.to/e/zzzzznope-offline-None]" time="2.547" /><testcase classname="tests.backend_test.TestHostApiIntegration" name="test_create_flow_resolves_both_providers" time="8.319" /><testcase classname="tests.backend_test.TestAdminUserManagementAndFixLogs" name="test_admin_create_admin_user_login_duplicate_and_no_hash" time="1.001" /><testcase classname="tests.backend_test.TestAdminUserManagementAndFixLogs" name="test_non_admin_cannot_create_user" time="0.110" /><testcase classname="tests.backend_test.TestAdminUserManagementAndFixLogs" name="test_admin_password_reset_new_works_old_fails_and_short_rejected" time="1.598" /><testcase classname="tests.backend_test.TestAdminUserManagementAndFixLogs" name="test_role_toggle_delete_and_self_protection_regression" time="1.182" /><testcase classname="tests.backend_test.TestAdminUserManagementAndFixLogs" name="test_fix_logs_admin_shape_order_and_normal_user_scope" time="0.102"><failure message="AssertionError: Expected the known auto-fix history entry from the connected account&#10;assert []">backend/tests/backend_test.py:1169: in test_fix_logs_admin_shape_order_and_normal_user_scope
    assert logs, "Expected the known auto-fix history entry from the connected account"
E   AssertionError: Expected the known auto-fix history entry from the connected account
E   assert []</failure></testcase><testcase classname="tests.backend_test.TestTierRefreshAndAutoFix" name="test_refresh_tiers_updates_voe_and_firestream" time="3.935" /><testcase classname="tests.backend_test.TestAuth" name="test_me_no_token" time="0.102" /><testcase classname="tests.backend_test.TestAuth" name="test_me_with_token" time="0.102" /><testcase classname="tests.backend_test.TestAuth" name="test_login_bad_password" time="0.115" /><testcase classname="tests.backend_test.TestAuth" name="test_register_and_role" time="0.111" /><testcase classname="tests.backend_test.TestAuthenticationPlaybook" name="test_login_sets_httponly_cookie" time="0.334" /><testcase classname="tests.backend_test.TestAuthenticationPlaybook" name="test_new_password_hash_is_bcrypt_2b_and_not_exposed" time="0.512" /><testcase classname="tests.backend_test.TestAuthenticationPlaybook" name="test_brute_force_lockout_after_five_failures" time="69.038" /><testcase classname="tests.backend_test.TestTierRefreshAndAutoFix" name="test_doodstream_autofix_replaces_and_persists_online_link" time="73.314" /><testcase classname="tests.backend_test.TestAuthenticationPlaybook" name="test_cors_preflight_supports_credentialed_origin" time="0.070"><failure message="AssertionError: assert None == 'true'&#10; +  where None = get('access-control-allow-credentials')&#10; +    where get = {'Date': 'Fri, 31 Jul 2026 14:04:26 GMT', 'Connection': 'keep-alive', 'Access-Control-Allow-Origin': '*', 'Access-Control-Allow-Headers': '*', 'Access-Control-Allow-Methods': 'GET, POST, PUT, DELETE, OPTIONS, HEAD, PATCH', 'Access-Control-Max-Age': '300', 'set-cookie': '__cf_bm=CgQFc7sZdFVz9iCq6DJF1s4eVic.oDXsrvLyz1nRZrc-1785506666.4007888-1.0.1.1-fZ0OdKuPd9GsFPDBjReRGSjdkQorfNSoC2D8kk3wBduEUE2_H7rjko8lyPtZ6yvU1G8v7jX20Y53LiPe39KWi_oKH6EM5mV0SEMF.roqV.MYVlUgcBmltRxF1YM.wEQz; HttpOnly; SameSite=None; Secure; Path=/; Domain=preview.emergentagent.com; Expires=Fri, 31 Jul 2026 14:34:26 GMT', 'X-Robots-Tag': 'noindex, nofollow', 'Server': 'cloudflare', 'CF-RAY': 'a23d26f8fab2dd00-ORD'}.get&#10; +      where {'Date': 'Fri, 31 Jul 2026 14:04:26 GMT', 'Connection': 'keep-alive', 'Access-Control-Allow-Origin': '*', 'Access-Control-Allow-Headers': '*', 'Access-Control-Allow-Methods': 'GET, POST, PUT, DELETE, OPTIONS, HEAD, PATCH', 'Access-Control-Max-Age': '300', 'set-cookie': '__cf_bm=CgQFc7sZdFVz9iCq6DJF1s4eVic.oDXsrvLyz1nRZrc-1785506666.4007888-1.0.1.1-fZ0OdKuPd9GsFPDBjReRGSjdkQorfNSoC2D8kk3wBduEUE2_H7rjko8lyPtZ6yvU1G8v7jX20Y53LiPe39KWi_oKH6EM5mV0SEMF.roqV.MYVlUgcBmltRxF1YM.wEQz; HttpOnly; SameSite=None; Secure; Path=/; Domain=preview.emergentagent.com; Expires=Fri, 31 Jul 2026 14:34:26 GMT', 'X-Robots-Tag': 'noindex, nofollow', 'Server': 'cloudflare', 'CF-RAY': 'a23d26f8fab2dd00-ORD'} = &lt;Response [204]&gt;.headers">backend/tests/backend_test.py:1240: in test_cors_preflight_supports_credentialed_origin
    assert response.headers.get("access-control-allow-credentials") == "true"
E   AssertionError: assert None == 'true'
E    +  where None = get('access-control-allow-credentials')
E    +    where get = {'Date': 'Fri, 31 Jul 2026 14:04:26 GMT', 'Connection': 'keep-alive', 'Access-Control-Allow-Origin': '*', 'Access-Control-Allow-Headers': '*', 'Access-Control-Allow-Methods': 'GET, POST, PUT, DELETE, OPTIONS, HEAD, PATCH', 'Access-Control-Max-Age': '300', 'set-cookie': '__cf_bm=CgQFc7sZdFVz9iCq6DJF1s4eVic.oDXsrvLyz1nRZrc-1785506666.4007888-1.0.1.1-fZ0OdKuPd9GsFPDBjReRGSjdkQorfNSoC2D8kk3wBduEUE2_H7rjko8lyPtZ6yvU1G8v7jX20Y53LiPe39KWi_oKH6EM5mV0SEMF.roqV.MYVlUgcBmltRxF1YM.wEQz; HttpOnly; SameSite=None; Secure; Path=/; Domain=preview.emergentagent.com; Expires=Fri, 31 Jul 2026 14:34:26 GMT', 'X-Robots-Tag': 'noindex, nofollow', 'Server': 'cloudflare', 'CF-RAY': 'a23d26f8fab2dd00-ORD'}.get
E    +      where {'Date': 'Fri, 31 Jul 2026 14:04:26 GMT', 'Connection': 'keep-alive', 'Access-Control-Allow-Origin': '*', 'Access-Control-Allow-Headers': '*', 'Access-Control-Allow-Methods': 'GET, POST, PUT, DELETE, OPTIONS, HEAD, PATCH', 'Access-Control-Max-Age': '300', 'set-cookie': '__cf_bm=CgQFc7sZdFVz9iCq6DJF1s4eVic.oDXsrvLyz1nRZrc-1785506666.4007888-1.0.1.1-fZ0OdKuPd9GsFPDBjReRGSjdkQorfNSoC2D8kk3wBduEUE2_H7rjko8lyPtZ6yvU1G8v7jX20Y53LiPe39KWi_oKH6EM5mV0SEMF.roqV.MYVlUgcBmltRxF1YM.wEQz; HttpOnly; SameSite=None; Secure; Path=/; Domain=preview.emergentagent.com; Expires=Fri, 31 Jul 2026 14:34:26 GMT', 'X-Robots-Tag': 'noindex, nofollow', 'Server': 'cloudflare', 'CF-RAY': 'a23d26f8fab2dd00-ORD'} = &lt;Response [204]&gt;.headers</failure></testcase><testcase classname="tests.backend_test.TestHosts" name="test_seeded_hosts" time="0.000" /><testcase classname="tests.backend_test.TestHosts" name="test_non_admin_cannot_create_host" time="0.116" /><testcase classname="tests.backend_test.TestHosts" name="test_admin_create_update_delete_host" time="0.331" /><testcase classname="tests.backend_test.TestAdmin" name="test_admin_stats" time="0.115" /><testcase classname="tests.backend_test.TestAdmin" name="test_admin_users" time="0.117" /><testcase classname="tests.backend_test.TestAdmin" name="test_non_admin_forbidden" time="0.229" /><testcase classname="tests.backend_test.TestResolvedUrl" name="test_embed_smiooaxb_returns_canonical_doodstream_domain" time="0.119" /><testcase classname="tests.backend_test.TestResolvedUrl" name="test_create_new_mirror_resolves_and_persists" time="1.019" /><testcase classname="tests.backend_test.TestResolvedUrl" name="test_check_endpoint_stores_resolved_url" time="0.695" /><testcase classname="tests.backend_test.TestSiteSettings" name="test_get_settings_public_no_auth" time="0.120" /><testcase classname="tests.backend_test.TestSiteSettings" name="test_non_admin_cannot_update_settings" time="0.102" /><testcase classname="tests.backend_test.TestSiteSettings" name="test_admin_update_and_reset_settings" time="0.421" /><testcase classname="tests.backend_test.TestOfflineCheckFix" name="test_smiooaxb_hosts_stay_online" time="1.127" /><testcase classname="tests.backend_test.TestOfflineCheckFix" name="test_genuine_404_marked_offline_but_voe_stays_online" time="1.293" /><testcase classname="tests.backend_test.TestTierRefreshAndAutoFix" name="test_firestream_autofix_is_rejected" time="0.461" /><testcase classname="tests.backend_test.TestTierRefreshAndAutoFix" name="test_non_owner_cannot_autofix_another_users_mirror" time="0.463" /><testcase classname="tests.backend_test.TestAdSettings" name="test_get_settings_has_ad_keys_default_empty" time="0.098" /><testcase classname="tests.backend_test.TestAdSettings" name="test_admin_update_and_reset_ads" time="1.064" /><testcase classname="tests.backend_test.TestNormalization" name="test_create_mirror_normalizes_urls" time="2.417" /><testcase classname="tests.backend_test.TestNormalization" name="test_normalization_edge_cases" time="0.681" /></testsuite></testsuites>