<?xml version="1.0" encoding="utf-8"?><testsuites name="pytest tests"><testsuite name="pytest" errors="0" failures="0" skipped="0" tests="6" time="7.618" timestamp="2026-07-31T10:21:35.405170+00:00" hostname="agent-env-ab121d8d-5b3c-4287-9586-5de7e16d9a5b"><testcase classname="tests.backend_test.TestFireStreamAndHostKeys" name="test_admin_login_returns_access_token" time="0.453" /><testcase classname="tests.backend_test.TestFireStreamAndHostKeys" name="test_authenticated_user_gets_only_masked_host_keys" time="0.439" /><testcase classname="tests.backend_test.TestFireStreamAndHostKeys" name="test_existing_firestream_key_survives_omitted_and_empty_updates" time="0.620" /><testcase classname="tests.backend_test.TestFireStreamAndHostKeys" name="test_create_and_replace_new_host_key_without_leak" time="0.438" /><testcase classname="tests.backend_test.TestFireStreamAndHostKeys" name="test_firestream_link_resolution[https://firestream.to/e/1uuFmyaj-online-API Upload Test]" time="2.505" /><testcase classname="tests.backend_test.TestFireStreamAndHostKeys" name="test_firestream_link_resolution[https://firestream.to/e/zzzzznope-offline-None]" time="2.519" /></testsuite></testsuites>