<?xml version="1.0" encoding="utf-8"?><testsuites name="pytest tests"><testsuite name="pytest" errors="0" failures="0" skipped="0" tests="45" time="93.315" timestamp="2026-07-31T11:18:04.296470+00:00" hostname="agent-env-ab121d8d-5b3c-4287-9586-5de7e16d9a5b"><testcase classname="tests.backend_test.TestFireStreamAndHostKeys" name="test_admin_login_returns_access_token" time="19.634" /><testcase classname="tests.backend_test.TestFireStreamAndHostKeys" name="test_authenticated_user_gets_only_masked_host_keys" time="0.451" /><testcase classname="tests.backend_test.TestFireStreamAndHostKeys" name="test_existing_firestream_key_survives_omitted_and_empty_updates" time="3.714" /><testcase classname="tests.backend_test.TestFireStreamAndHostKeys" name="test_create_and_replace_new_host_key_without_leak" time="0.378" /><testcase classname="tests.backend_test.TestFireStreamAndHostKeys" name="test_firestream_link_resolution[https://firestream.to/e/1uuFmyaj-online-API Upload Test]" time="2.510" /><testcase classname="tests.backend_test.TestMirrors" name="test_create_and_list_mirror" time="44.019" /><testcase classname="tests.backend_test.TestFireStreamAndHostKeys" name="test_firestream_link_resolution[https://firestream.to/e/zzzzznope-offline-None]" time="2.498" /><testcase classname="tests.backend_test.TestHostApiIntegration" name="test_hosts_have_api_provider" time="0.144" /><testcase classname="tests.backend_test.TestHostApiIntegration" name="test_embed_smiooaxb_uses_api_domains" time="0.209" /><testcase classname="tests.backend_test.TestHostApiIntegration" name="test_embed_smiooaxb_returns_thumbnail" time="0.098" /><testcase classname="tests.backend_test.TestHostApiIntegration" name="test_manual_check_uses_api_populates_title" time="1.217" /><testcase classname="tests.backend_test.TestHostApiIntegration" name="test_create_flow_resolves_both_providers" time="8.320" /><testcase classname="tests.backend_test.TestAuth" name="test_me_no_token" time="0.099" /><testcase classname="tests.backend_test.TestAuth" name="test_me_with_token" time="0.102" /><testcase classname="tests.backend_test.TestAuth" name="test_login_bad_password" time="0.098" /><testcase classname="tests.backend_test.TestAuth" name="test_register_and_role" time="0.097" /><testcase classname="tests.backend_test.TestTierRefreshAndAutoFix" name="test_refresh_tiers_updates_voe_and_firestream" time="9.815" /><testcase classname="tests.backend_test.TestMirrors" name="test_dashboard_stats" time="0.152" /><testcase classname="tests.backend_test.TestMirrors" name="test_embed_public_no_auth_sorting_ES" time="2.164" /><testcase classname="tests.backend_test.TestMirrors" name="test_embed_public_no_auth_sorting_US" time="0.095" /><testcase classname="tests.backend_test.TestMirrors" name="test_mirror_stats" time="0.101" /><testcase classname="tests.backend_test.TestMirrors" name="test_check_mirror" time="1.116" /><testcase classname="tests.backend_test.TestMirrors" name="test_update_mirror" time="0.095" /><testcase classname="tests.backend_test.TestMirrors" name="test_delete_mirror" time="0.196" /><testcase classname="tests.backend_test.TestHosts" name="test_seeded_hosts" time="0.000" /><testcase classname="tests.backend_test.TestHosts" name="test_non_admin_cannot_create_host" time="0.096" /><testcase classname="tests.backend_test.TestHosts" name="test_admin_create_update_delete_host" time="0.316" /><testcase classname="tests.backend_test.TestAdmin" name="test_admin_stats" time="0.100" /><testcase classname="tests.backend_test.TestAdmin" name="test_admin_users" time="0.104" /><testcase classname="tests.backend_test.TestAdmin" name="test_non_admin_forbidden" time="0.192" /><testcase classname="tests.backend_test.TestResolvedUrl" name="test_embed_smiooaxb_returns_canonical_doodstream_domain" time="0.098" /><testcase classname="tests.backend_test.TestResolvedUrl" name="test_create_new_mirror_resolves_and_persists" time="0.929" /><testcase classname="tests.backend_test.TestTierRefreshAndAutoFix" name="test_doodstream_autofix_replaces_and_persists_online_link" time="4.742" /><testcase classname="tests.backend_test.TestResolvedUrl" name="test_check_endpoint_stores_resolved_url" time="0.635" /><testcase classname="tests.backend_test.TestSiteSettings" name="test_get_settings_public_no_auth" time="0.097" /><testcase classname="tests.backend_test.TestSiteSettings" name="test_non_admin_cannot_update_settings" time="0.103" /><testcase classname="tests.backend_test.TestSiteSettings" name="test_admin_update_and_reset_settings" time="0.388" /><testcase classname="tests.backend_test.TestOfflineCheckFix" name="test_smiooaxb_hosts_stay_online" time="1.213" /><testcase classname="tests.backend_test.TestOfflineCheckFix" name="test_genuine_404_marked_offline_but_voe_stays_online" time="39.863" /><testcase classname="tests.backend_test.TestTierRefreshAndAutoFix" name="test_firestream_autofix_is_rejected" time="0.411" /><testcase classname="tests.backend_test.TestTierRefreshAndAutoFix" name="test_non_owner_cannot_autofix_another_users_mirror" time="0.393" /><testcase classname="tests.backend_test.TestAdSettings" name="test_get_settings_has_ad_keys_default_empty" time="0.106" /><testcase classname="tests.backend_test.TestAdSettings" name="test_admin_update_and_reset_ads" time="0.491" /><testcase classname="tests.backend_test.TestNormalization" name="test_create_mirror_normalizes_urls" time="0.330" /><testcase classname="tests.backend_test.TestNormalization" name="test_normalization_edge_cases" time="0.200" /></testsuite></testsuites>