<?xml version="1.0" encoding="utf-8"?><testsuites name="pytest tests"><testsuite name="pytest" errors="0" failures="0" skipped="0" tests="21" time="3.608" timestamp="2026-07-04T08:51:36.731256+00:00" hostname="agent-env-362af550-ed70-4759-bcdc-c9f4f32dc5a6"><testcase classname="tests.backend_test.TestAuth" name="test_me_no_token" time="0.124" /><testcase classname="tests.backend_test.TestAuth" name="test_me_with_token" time="0.744" /><testcase classname="tests.backend_test.TestAuth" name="test_login_bad_password" time="0.105" /><testcase classname="tests.backend_test.TestMirrors" name="test_create_and_list_mirror" time="1.306" /><testcase classname="tests.backend_test.TestAuth" name="test_register_and_role" time="0.425" /><testcase classname="tests.backend_test.TestMirrors" name="test_dashboard_stats" time="0.096" /><testcase classname="tests.backend_test.TestMirrors" name="test_embed_public_no_auth_sorting_ES" time="0.094" /><testcase classname="tests.backend_test.TestMirrors" name="test_embed_public_no_auth_sorting_US" time="0.094" /><testcase classname="tests.backend_test.TestHosts" name="test_seeded_hosts" time="0.142" /><testcase classname="tests.backend_test.TestHosts" name="test_non_admin_cannot_create_host" time="0.095" /><testcase classname="tests.backend_test.TestMirrors" name="test_mirror_stats" time="0.106" /><testcase classname="tests.backend_test.TestHosts" name="test_admin_create_update_delete_host" time="0.282" /><testcase classname="tests.backend_test.TestMirrors" name="test_check_mirror" time="1.080" /><testcase classname="tests.backend_test.TestAdmin" name="test_admin_stats" time="0.099" /><testcase classname="tests.backend_test.TestAdmin" name="test_admin_users" time="0.115" /><testcase classname="tests.backend_test.TestAdmin" name="test_non_admin_forbidden" time="0.190" /><testcase classname="tests.backend_test.TestSiteSettings" name="test_get_settings_public_no_auth" time="0.093" /><testcase classname="tests.backend_test.TestSiteSettings" name="test_non_admin_cannot_update_settings" time="0.094" /><testcase classname="tests.backend_test.TestSiteSettings" name="test_admin_update_and_reset_settings" time="0.413" /><testcase classname="tests.backend_test.TestMirrors" name="test_update_mirror" time="0.097" /><testcase classname="tests.backend_test.TestMirrors" name="test_delete_mirror" time="0.236" /></testsuite></testsuites>