<?xml version="1.0" encoding="utf-8"?><testsuites name="pytest tests"><testsuite name="pytest" errors="0" failures="0" skipped="0" tests="33" time="13.632" timestamp="2026-07-04T10:28:31.829848+00:00" hostname="agent-env-362af550-ed70-4759-bcdc-c9f4f32dc5a6"><testcase classname="tests.backend_test.TestHostApiIntegration" name="test_hosts_have_api_provider" time="0.897" /><testcase classname="tests.backend_test.TestHostApiIntegration" name="test_embed_smiooaxb_uses_api_domains" time="1.566" /><testcase classname="tests.backend_test.TestMirrors" name="test_create_and_list_mirror" time="1.258" /><testcase classname="tests.backend_test.TestMirrors" name="test_dashboard_stats" time="0.132" /><testcase classname="tests.backend_test.TestMirrors" name="test_embed_public_no_auth_sorting_ES" time="1.195" /><testcase classname="tests.backend_test.TestHostApiIntegration" name="test_embed_smiooaxb_returns_thumbnail" time="0.197" /><testcase classname="tests.backend_test.TestMirrors" name="test_embed_public_no_auth_sorting_US" time="0.138" /><testcase classname="tests.backend_test.TestHostApiIntegration" name="test_manual_check_uses_api_populates_title" time="1.269" /><testcase classname="tests.backend_test.TestMirrors" name="test_mirror_stats" time="0.134" /><testcase classname="tests.backend_test.TestMirrors" name="test_check_mirror" time="1.042" /><testcase classname="tests.backend_test.TestMirrors" name="test_update_mirror" time="0.192" /><testcase classname="tests.backend_test.TestHostApiIntegration" name="test_create_flow_resolves_both_providers" time="8.365" /><testcase classname="tests.backend_test.TestMirrors" name="test_delete_mirror" time="0.191" /><testcase classname="tests.backend_test.TestHosts" name="test_seeded_hosts" time="0.000" /><testcase classname="tests.backend_test.TestHosts" name="test_non_admin_cannot_create_host" time="0.126" /><testcase classname="tests.backend_test.TestHosts" name="test_admin_create_update_delete_host" time="0.292" /><testcase classname="tests.backend_test.TestAdmin" name="test_admin_stats" time="0.095" /><testcase classname="tests.backend_test.TestAdmin" name="test_admin_users" time="0.106" /><testcase classname="tests.backend_test.TestAdmin" name="test_non_admin_forbidden" time="0.201" /><testcase classname="tests.backend_test.TestResolvedUrl" name="test_embed_smiooaxb_returns_canonical_doodstream_domain" time="0.204" /><testcase classname="tests.backend_test.TestResolvedUrl" name="test_create_new_mirror_resolves_and_persists" time="0.836" /><testcase classname="tests.backend_test.TestResolvedUrl" name="test_check_endpoint_stores_resolved_url" time="0.644" /><testcase classname="tests.backend_test.TestSiteSettings" name="test_get_settings_public_no_auth" time="0.090" /><testcase classname="tests.backend_test.TestSiteSettings" name="test_non_admin_cannot_update_settings" time="0.099" /><testcase classname="tests.backend_test.TestSiteSettings" name="test_admin_update_and_reset_settings" time="0.374" /><testcase classname="tests.backend_test.TestOfflineCheckFix" name="test_smiooaxb_hosts_stay_online" time="1.185" /><testcase classname="tests.backend_test.TestOfflineCheckFix" name="test_genuine_404_marked_offline_but_voe_stays_online" time="0.981" /><testcase classname="tests.backend_test.TestNormalization" name="test_create_mirror_normalizes_urls" time="0.286" /><testcase classname="tests.backend_test.TestNormalization" name="test_normalization_edge_cases" time="0.186" /><testcase classname="tests.backend_test.TestAuth" name="test_me_no_token" time="0.092" /><testcase classname="tests.backend_test.TestAuth" name="test_me_with_token" time="0.093" /><testcase classname="tests.backend_test.TestAuth" name="test_login_bad_password" time="0.125" /><testcase classname="tests.backend_test.TestAuth" name="test_register_and_role" time="0.415" /></testsuite></testsuites>