<?xml version="1.0" encoding="utf-8"?><testsuites name="pytest tests"><testsuite name="pytest" errors="0" failures="1" skipped="0" tests="54" time="63.144" timestamp="2026-07-31T12:05:01.144985+00:00" hostname="agent-env-ab121d8d-5b3c-4287-9586-5de7e16d9a5b"><testcase classname="tests.backend_test.TestFireStreamAndHostKeys" name="test_admin_login_returns_access_token" time="0.687" /><testcase classname="tests.backend_test.TestFireStreamAndHostKeys" name="test_authenticated_user_gets_only_masked_host_keys" time="0.614" /><testcase classname="tests.backend_test.TestMirrors" name="test_create_and_list_mirror" time="1.408" /><testcase classname="tests.backend_test.TestMirrors" name="test_dashboard_stats" time="0.247" /><testcase classname="tests.backend_test.TestFireStreamAndHostKeys" name="test_existing_firestream_key_survives_omitted_and_empty_updates" time="0.662" /><testcase classname="tests.backend_test.TestMirrors" name="test_embed_public_no_auth_sorting_ES" time="1.520" /><testcase classname="tests.backend_test.TestFireStreamAndHostKeys" name="test_create_and_replace_new_host_key_without_leak" time="0.391" /><testcase classname="tests.backend_test.TestFireStreamAndHostKeys" name="test_firestream_link_resolution[https://firestream.to/e/1uuFmyaj-online-API Upload Test]" time="2.777" /><testcase classname="tests.backend_test.TestMirrors" name="test_embed_public_no_auth_sorting_US" time="0.103" /><testcase classname="tests.backend_test.TestMirrors" name="test_mirror_stats" time="0.102" /><testcase classname="tests.backend_test.TestMirrors" name="test_check_mirror" time="0.982" /><testcase classname="tests.backend_test.TestMirrors" name="test_update_mirror" time="0.105" /><testcase classname="tests.backend_test.TestMirrors" name="test_delete_mirror" time="0.192" /><testcase classname="tests.backend_test.TestAdminUserManagementAndFixLogs" name="test_admin_create_admin_user_login_duplicate_and_no_hash" time="1.125" /><testcase classname="tests.backend_test.TestFireStreamAndHostKeys" name="test_firestream_link_resolution[https://firestream.to/e/zzzzznope-offline-None]" time="2.860" /><testcase classname="tests.backend_test.TestAdminUserManagementAndFixLogs" name="test_non_admin_cannot_create_user" time="0.094" /><testcase classname="tests.backend_test.TestAdminUserManagementAndFixLogs" name="test_admin_password_reset_new_works_old_fails_and_short_rejected" time="1.505" /><testcase classname="tests.backend_test.TestAdminUserManagementAndFixLogs" name="test_role_toggle_delete_and_self_protection_regression" time="1.150" /><testcase classname="tests.backend_test.TestHostApiIntegration" name="test_hosts_have_api_provider" time="0.099" /><testcase classname="tests.backend_test.TestHostApiIntegration" name="test_embed_smiooaxb_uses_api_domains" time="0.206" /><testcase classname="tests.backend_test.TestHostApiIntegration" name="test_embed_smiooaxb_returns_thumbnail" time="0.097" /><testcase classname="tests.backend_test.TestHostApiIntegration" name="test_manual_check_uses_api_populates_title" time="1.464" /><testcase classname="tests.backend_test.TestAdminUserManagementAndFixLogs" name="test_fix_logs_admin_shape_order_and_normal_user_scope" time="0.197" /><testcase classname="tests.backend_test.TestAuth" name="test_me_no_token" time="0.101" /><testcase classname="tests.backend_test.TestAuth" name="test_me_with_token" time="0.098" /><testcase classname="tests.backend_test.TestAuth" name="test_login_bad_password" time="0.092" /><testcase classname="tests.backend_test.TestAuth" name="test_register_and_role" time="0.102" /><testcase classname="tests.backend_test.TestAuthenticationPlaybook" name="test_login_sets_httponly_cookie" time="0.347" /><testcase classname="tests.backend_test.TestAuthenticationPlaybook" name="test_new_password_hash_is_bcrypt_2b_and_not_exposed" time="0.490" /><testcase classname="tests.backend_test.TestHostApiIntegration" name="test_create_flow_resolves_both_providers" time="8.307" /><testcase classname="tests.backend_test.TestAuthenticationPlaybook" name="test_brute_force_lockout_after_five_failures" time="0.602" /><testcase classname="tests.backend_test.TestAuthenticationPlaybook" name="test_cors_preflight_supports_credentialed_origin" time="0.067"><failure message="AssertionError: assert None == 'true'&#10; +  where None = get('access-control-allow-credentials')&#10; +    where get = {'Date': 'Fri, 31 Jul 2026 12:05:12 GMT', 'Connection': 'keep-alive', 'Access-Control-Allow-Origin': '*', 'Access-Control-Allow-Headers': '*', 'Access-Control-Allow-Methods': 'GET, POST, PUT, DELETE, OPTIONS, HEAD, PATCH', 'Access-Control-Max-Age': '300', 'set-cookie': '__cf_bm=MuZwr6_T5Vv5FeOpYwEFRkaUo5pEk1vbtzTE8g0qKus-1785499512.258791-1.0.1.1-7gQJZnnTRnRjPp8nsYLmqnSI_k4J2VSdOK5pbnx3nIzJ8fpIBNoS8oJ0dUd3GgZIJ7r4X1wNRYGa997igi.31lgfRv4wWWnPZLdEYlCpkU.zmy7beBzcQICj36bGQEfy; HttpOnly; SameSite=None; Secure; Path=/; Domain=preview.emergentagent.com; Expires=Fri, 31 Jul 2026 12:35:12 GMT', 'X-Robots-Tag': 'noindex, nofollow', 'Server': 'cloudflare', 'CF-RAY': 'a23c784f9c51b98a-ORD'}.get&#10; +      where {'Date': 'Fri, 31 Jul 2026 12:05:12 GMT', 'Connection': 'keep-alive', 'Access-Control-Allow-Origin': '*', 'Access-Control-Allow-Headers': '*', 'Access-Control-Allow-Methods': 'GET, POST, PUT, DELETE, OPTIONS, HEAD, PATCH', 'Access-Control-Max-Age': '300', 'set-cookie': '__cf_bm=MuZwr6_T5Vv5FeOpYwEFRkaUo5pEk1vbtzTE8g0qKus-1785499512.258791-1.0.1.1-7gQJZnnTRnRjPp8nsYLmqnSI_k4J2VSdOK5pbnx3nIzJ8fpIBNoS8oJ0dUd3GgZIJ7r4X1wNRYGa997igi.31lgfRv4wWWnPZLdEYlCpkU.zmy7beBzcQICj36bGQEfy; HttpOnly; SameSite=None; Secure; Path=/; Domain=preview.emergentagent.com; Expires=Fri, 31 Jul 2026 12:35:12 GMT', 'X-Robots-Tag': 'noindex, nofollow', 'Server': 'cloudflare', 'CF-RAY': 'a23c784f9c51b98a-ORD'} = &lt;Response [204]&gt;.headers">backend/tests/backend_test.py:1240: in test_cors_preflight_supports_credentialed_origin
    assert response.headers.get("access-control-allow-credentials") == "true"
E   AssertionError: assert None == 'true'
E    +  where None = get('access-control-allow-credentials')
E    +    where get = {'Date': 'Fri, 31 Jul 2026 12:05:12 GMT', 'Connection': 'keep-alive', 'Access-Control-Allow-Origin': '*', 'Access-Control-Allow-Headers': '*', 'Access-Control-Allow-Methods': 'GET, POST, PUT, DELETE, OPTIONS, HEAD, PATCH', 'Access-Control-Max-Age': '300', 'set-cookie': '__cf_bm=MuZwr6_T5Vv5FeOpYwEFRkaUo5pEk1vbtzTE8g0qKus-1785499512.258791-1.0.1.1-7gQJZnnTRnRjPp8nsYLmqnSI_k4J2VSdOK5pbnx3nIzJ8fpIBNoS8oJ0dUd3GgZIJ7r4X1wNRYGa997igi.31lgfRv4wWWnPZLdEYlCpkU.zmy7beBzcQICj36bGQEfy; HttpOnly; SameSite=None; Secure; Path=/; Domain=preview.emergentagent.com; Expires=Fri, 31 Jul 2026 12:35:12 GMT', 'X-Robots-Tag': 'noindex, nofollow', 'Server': 'cloudflare', 'CF-RAY': 'a23c784f9c51b98a-ORD'}.get
E    +      where {'Date': 'Fri, 31 Jul 2026 12:05:12 GMT', 'Connection': 'keep-alive', 'Access-Control-Allow-Origin': '*', 'Access-Control-Allow-Headers': '*', 'Access-Control-Allow-Methods': 'GET, POST, PUT, DELETE, OPTIONS, HEAD, PATCH', 'Access-Control-Max-Age': '300', 'set-cookie': '__cf_bm=MuZwr6_T5Vv5FeOpYwEFRkaUo5pEk1vbtzTE8g0qKus-1785499512.258791-1.0.1.1-7gQJZnnTRnRjPp8nsYLmqnSI_k4J2VSdOK5pbnx3nIzJ8fpIBNoS8oJ0dUd3GgZIJ7r4X1wNRYGa997igi.31lgfRv4wWWnPZLdEYlCpkU.zmy7beBzcQICj36bGQEfy; HttpOnly; SameSite=None; Secure; Path=/; Domain=preview.emergentagent.com; Expires=Fri, 31 Jul 2026 12:35:12 GMT', 'X-Robots-Tag': 'noindex, nofollow', 'Server': 'cloudflare', 'CF-RAY': 'a23c784f9c51b98a-ORD'} = &lt;Response [204]&gt;.headers</failure></testcase><testcase classname="tests.backend_test.TestHosts" name="test_seeded_hosts" time="0.000" /><testcase classname="tests.backend_test.TestHosts" name="test_non_admin_cannot_create_host" time="0.095" /><testcase classname="tests.backend_test.TestHosts" name="test_admin_create_update_delete_host" time="0.306" /><testcase classname="tests.backend_test.TestAdmin" name="test_admin_stats" time="0.122" /><testcase classname="tests.backend_test.TestAdmin" name="test_admin_users" time="0.097" /><testcase classname="tests.backend_test.TestAdmin" name="test_non_admin_forbidden" time="0.196" /><testcase classname="tests.backend_test.TestResolvedUrl" name="test_embed_smiooaxb_returns_canonical_doodstream_domain" time="0.173" /><testcase classname="tests.backend_test.TestResolvedUrl" name="test_create_new_mirror_resolves_and_persists" time="0.940" /><testcase classname="tests.backend_test.TestResolvedUrl" name="test_check_endpoint_stores_resolved_url" time="0.636" /><testcase classname="tests.backend_test.TestSiteSettings" name="test_get_settings_public_no_auth" time="0.092" /><testcase classname="tests.backend_test.TestSiteSettings" name="test_non_admin_cannot_update_settings" time="0.137" /><testcase classname="tests.backend_test.TestSiteSettings" name="test_admin_update_and_reset_settings" time="0.402" /><testcase classname="tests.backend_test.TestOfflineCheckFix" name="test_smiooaxb_hosts_stay_online" time="1.018" /><testcase classname="tests.backend_test.TestOfflineCheckFix" name="test_genuine_404_marked_offline_but_voe_stays_online" time="1.032" /><testcase classname="tests.backend_test.TestNormalization" name="test_create_mirror_normalizes_urls" time="0.308" /><testcase classname="tests.backend_test.TestNormalization" name="test_normalization_edge_cases" time="0.226" /><testcase classname="tests.backend_test.TestAdSettings" name="test_get_settings_has_ad_keys_default_empty" time="0.098" /><testcase classname="tests.backend_test.TestAdSettings" name="test_admin_update_and_reset_ads" time="0.928" /><testcase classname="tests.backend_test.TestTierRefreshAndAutoFix" name="test_refresh_tiers_updates_voe_and_firestream" time="2.113" /><testcase classname="tests.backend_test.TestTierRefreshAndAutoFix" name="test_doodstream_autofix_replaces_and_persists_online_link" time="4.795" /><testcase classname="tests.backend_test.TestTierRefreshAndAutoFix" name="test_firestream_autofix_is_rejected" time="0.387" /><testcase classname="tests.backend_test.TestTierRefreshAndAutoFix" name="test_non_owner_cannot_autofix_another_users_mirror" time="37.100" /></testsuite></testsuites>