<?xml version="1.0" encoding="utf-8"?><testsuites name="pytest tests"><testsuite name="pytest" errors="0" failures="2" skipped="0" tests="3" time="2.757" timestamp="2026-07-31T15:43:53.669010+00:00" hostname="agent-env-544aa92c-744a-4b31-8bd3-1b17cb2a7575"><testcase classname="tests.backend_test.TestBackupServerFilesAndRestore" name="test_backup_contains_config_db_and_restores_without_overwriting_live_env" time="1.625" /><testcase classname="tests.backend_test.TestBackupServerFilesAndRestore" name="test_preview_backup_has_no_non_media_restored_config_in_files_namespace" time="0.114"><failure message="AssertionError: {'created_at': '2026-07-31T15:43:56.145640+00:00', 'db': 'test_database', 'collections': {'hosts': 8, 'fix_logs': 6, 'proxycheck_cache': 1, 'users': 1, ...}, 'config': ['backend.env', 'frontend.env'], ...}&#10;assert 2 == 0">backend/tests/backend_test.py:1678: in test_preview_backup_has_no_non_media_restored_config_in_files_namespace
    assert manifest["files"] == 0, manifest
E   AssertionError: {'created_at': '2026-07-31T15:43:56.145640+00:00', 'db': 'test_database', 'collections': {'hosts': 8, 'fix_logs': 6, 'proxycheck_cache': 1, 'users': 1, ...}, 'config': ['backend.env', 'frontend.env'], ...}
E   assert 2 == 0</failure></testcase><testcase classname="tests.backend_test.TestBackupServerFilesAndRestore" name="test_restore_rejects_config_path_traversal" time="0.107"><failure message="AssertionError: {&quot;ok&quot;:true,&quot;restored&quot;:{&quot;_config_files&quot;:1}}&#10;assert 200 == 400&#10; +  where 200 = &lt;Response [200]&gt;.status_code">backend/tests/backend_test.py:1695: in test_restore_rejects_config_path_traversal
    assert response.status_code == 400, response.text
E   AssertionError: {"ok":true,"restored":{"_config_files":1}}
E   assert 200 == 400
E    +  where 200 = &lt;Response [200]&gt;.status_code</failure></testcase></testsuite></testsuites>