<?xml version="1.0" encoding="utf-8"?><testsuites name="pytest tests"><testsuite name="pytest" errors="0" failures="2" skipped="0" tests="54" time="90.774" timestamp="2026-07-31T11:59:33.514084+00:00" hostname="agent-env-ab121d8d-5b3c-4287-9586-5de7e16d9a5b"><testcase classname="tests.backend_test.TestFireStreamAndHostKeys" name="test_admin_login_returns_access_token" time="0.576" /><testcase classname="tests.backend_test.TestFireStreamAndHostKeys" name="test_authenticated_user_gets_only_masked_host_keys" time="0.578" /><testcase classname="tests.backend_test.TestFireStreamAndHostKeys" name="test_existing_firestream_key_survives_omitted_and_empty_updates" time="0.613" /><testcase classname="tests.backend_test.TestMirrors" name="test_create_and_list_mirror" time="1.663" /><testcase classname="tests.backend_test.TestMirrors" name="test_dashboard_stats" time="0.104" /><testcase classname="tests.backend_test.TestMirrors" name="test_embed_public_no_auth_sorting_ES" time="1.538" /><testcase classname="tests.backend_test.TestFireStreamAndHostKeys" name="test_create_and_replace_new_host_key_without_leak" time="0.396" /><testcase classname="tests.backend_test.TestFireStreamAndHostKeys" name="test_firestream_link_resolution[https://firestream.to/e/1uuFmyaj-online-API Upload Test]" time="2.526" /><testcase classname="tests.backend_test.TestMirrors" name="test_embed_public_no_auth_sorting_US" time="0.106" /><testcase classname="tests.backend_test.TestMirrors" name="test_mirror_stats" time="0.104" /><testcase classname="tests.backend_test.TestMirrors" name="test_check_mirror" time="0.990" /><testcase classname="tests.backend_test.TestMirrors" name="test_update_mirror" time="0.100" /><testcase classname="tests.backend_test.TestMirrors" name="test_delete_mirror" time="0.203" /><testcase classname="tests.backend_test.TestFireStreamAndHostKeys" name="test_firestream_link_resolution[https://firestream.to/e/zzzzznope-offline-None]" time="2.757" /><testcase classname="tests.backend_test.TestAdminUserManagementAndFixLogs" name="test_admin_create_admin_user_login_duplicate_and_no_hash" time="0.971" /><testcase classname="tests.backend_test.TestAdminUserManagementAndFixLogs" name="test_non_admin_cannot_create_user" time="0.101" /><testcase classname="tests.backend_test.TestAdminUserManagementAndFixLogs" name="test_admin_password_reset_new_works_old_fails_and_short_rejected" time="1.505" /><testcase classname="tests.backend_test.TestAdminUserManagementAndFixLogs" name="test_role_toggle_delete_and_self_protection_regression" time="1.126" /><testcase classname="tests.backend_test.TestHostApiIntegration" name="test_hosts_have_api_provider" time="0.092" /><testcase classname="tests.backend_test.TestHostApiIntegration" name="test_embed_smiooaxb_uses_api_domains" time="1.161" /><testcase classname="tests.backend_test.TestAdminUserManagementAndFixLogs" name="test_fix_logs_admin_shape_order_and_normal_user_scope" time="0.240" /><testcase classname="tests.backend_test.TestHostApiIntegration" name="test_embed_smiooaxb_returns_thumbnail" time="0.094" /><testcase classname="tests.backend_test.TestAuth" name="test_me_no_token" time="0.094" /><testcase classname="tests.backend_test.TestHostApiIntegration" name="test_manual_check_uses_api_populates_title" time="1.230" /><testcase classname="tests.backend_test.TestAuth" name="test_me_with_token" time="0.096" /><testcase classname="tests.backend_test.TestAuth" name="test_login_bad_password" time="0.098" /><testcase classname="tests.backend_test.TestAuth" name="test_register_and_role" time="0.103" /><testcase classname="tests.backend_test.TestAuthenticationPlaybook" name="test_login_sets_httponly_cookie" time="0.354" /><testcase classname="tests.backend_test.TestAuthenticationPlaybook" name="test_new_password_hash_is_bcrypt_2b_and_not_exposed" time="0.566" /><testcase classname="tests.backend_test.TestHostApiIntegration" name="test_create_flow_resolves_both_providers" time="44.115" /><testcase classname="tests.backend_test.TestAuthenticationPlaybook" name="test_brute_force_lockout_after_five_failures" time="0.624" /><testcase classname="tests.backend_test.TestAuthenticationPlaybook" name="test_cors_preflight_supports_credentialed_origin" time="0.063"><failure message="AssertionError: &#10;assert 204 == 200&#10; +  where 204 = &lt;Response [204]&gt;.status_code">backend/tests/backend_test.py:1239: in test_cors_preflight_supports_credentialed_origin
    assert response.status_code == 200, response.text
E   AssertionError: 
E   assert 204 == 200
E    +  where 204 = &lt;Response [204]&gt;.status_code</failure></testcase><testcase classname="tests.backend_test.TestHosts" name="test_seeded_hosts" time="0.000" /><testcase classname="tests.backend_test.TestHosts" name="test_non_admin_cannot_create_host" time="0.102" /><testcase classname="tests.backend_test.TestHosts" name="test_admin_create_update_delete_host" time="0.321" /><testcase classname="tests.backend_test.TestAdmin" name="test_admin_stats" time="0.095" /><testcase classname="tests.backend_test.TestAdmin" name="test_admin_users" time="36.114" /><testcase classname="tests.backend_test.TestAdmin" name="test_non_admin_forbidden" time="0.200" /><testcase classname="tests.backend_test.TestResolvedUrl" name="test_embed_smiooaxb_returns_canonical_doodstream_domain" time="0.205" /><testcase classname="tests.backend_test.TestResolvedUrl" name="test_create_new_mirror_resolves_and_persists" time="30.443" /><testcase classname="tests.backend_test.TestTierRefreshAndAutoFix" name="test_refresh_tiers_updates_voe_and_firestream" time="2.242" /><testcase classname="tests.backend_test.TestTierRefreshAndAutoFix" name="test_doodstream_autofix_replaces_and_persists_online_link" time="32.566" /><testcase classname="tests.backend_test.TestResolvedUrl" name="test_check_endpoint_stores_resolved_url" time="0.858" /><testcase classname="tests.backend_test.TestSiteSettings" name="test_get_settings_public_no_auth" time="0.095" /><testcase classname="tests.backend_test.TestSiteSettings" name="test_non_admin_cannot_update_settings" time="0.096" /><testcase classname="tests.backend_test.TestSiteSettings" name="test_admin_update_and_reset_settings" time="0.391" /><testcase classname="tests.backend_test.TestOfflineCheckFix" name="test_smiooaxb_hosts_stay_online" time="1.105" /><testcase classname="tests.backend_test.TestOfflineCheckFix" name="test_genuine_404_marked_offline_but_voe_stays_online" time="1.206" /><testcase classname="tests.backend_test.TestNormalization" name="test_create_mirror_normalizes_urls" time="0.293" /><testcase classname="tests.backend_test.TestNormalization" name="test_normalization_edge_cases" time="0.225" /><testcase classname="tests.backend_test.TestAdSettings" name="test_get_settings_has_ad_keys_default_empty" time="0.094" /><testcase classname="tests.backend_test.TestAdSettings" name="test_admin_update_and_reset_ads" time="0.909" /><testcase classname="tests.backend_test.TestTierRefreshAndAutoFix" name="test_firestream_autofix_is_rejected" time="0.402"><failure message="AssertionError: assert 'FireStream l...ot configured' == 'Auto-fix is ...for this host'&#10;  &#10;  - Auto-fix is not supported for this host&#10;  + FireStream login not configured">backend/tests/backend_test.py:954: in test_firestream_autofix_is_rejected
    assert response.json()["detail"] == "Auto-fix is not supported for this host"
E   AssertionError: assert 'FireStream l...ot configured' == 'Auto-fix is ...for this host'
E     
E     - Auto-fix is not supported for this host
E     + FireStream login not configured</failure></testcase><testcase classname="tests.backend_test.TestTierRefreshAndAutoFix" name="test_non_owner_cannot_autofix_another_users_mirror" time="0.832" /></testsuite></testsuites>