<?xml version="1.0" encoding="utf-8"?><testsuites name="pytest tests"><testsuite name="pytest" errors="0" failures="0" skipped="0" tests="4" time="9.348" timestamp="2026-07-31T11:15:13.275483+00:00" hostname="agent-env-ab121d8d-5b3c-4287-9586-5de7e16d9a5b"><testcase classname="tests.backend_test.TestTierRefreshAndAutoFix" name="test_refresh_tiers_updates_voe_and_firestream" time="2.236" /><testcase classname="tests.backend_test.TestTierRefreshAndAutoFix" name="test_doodstream_autofix_replaces_and_persists_online_link" time="5.263" /><testcase classname="tests.backend_test.TestTierRefreshAndAutoFix" name="test_firestream_autofix_is_rejected" time="0.407" /><testcase classname="tests.backend_test.TestTierRefreshAndAutoFix" name="test_non_owner_cannot_autofix_another_users_mirror" time="0.773" /></testsuite></testsuites>