<?xml version="1.0" encoding="utf-8"?><testsuites name="pytest tests"><testsuite name="pytest" errors="0" failures="0" skipped="0" tests="8" time="6.475" timestamp="2026-07-31T14:15:51.570310+00:00" hostname="agent-env-544aa92c-744a-4b31-8bd3-1b17cb2a7575"><testcase classname="tests.backend_test.TestIteration14Fixes" name="test_new_provider_autofix_is_reachable[playmate-200]" time="1.014" /><testcase classname="tests.backend_test.TestIteration14Fixes" name="test_new_provider_autofix_is_reachable[vidara-200]" time="0.555" /><testcase classname="tests.backend_test.TestIteration14Fixes" name="test_new_provider_autofix_is_reachable[streamtape-400]" time="0.586" /><testcase classname="tests.backend_test.TestIteration14Fixes" name="test_new_provider_autofix_is_reachable[vinovo-200]" time="0.584" /><testcase classname="tests.backend_test.TestIteration14Fixes" name="test_new_provider_autofix_is_reachable[vidnest-200]" time="0.492" /><testcase classname="tests.backend_test.TestIteration14Fixes" name="test_four_failed_logins_alert_is_not_locked_and_can_be_cleared" time="0.932" /><testcase classname="tests.backend_test.TestIteration14Fixes" name="test_settings_and_key_test_never_leak_secrets" time="0.778" /><testcase classname="tests.backend_test.TestIteration14Fixes" name="test_new_hosters_and_public_embed_regression" time="0.767" /></testsuite></testsuites>