<?xml version="1.0" encoding="utf-8"?><testsuites name="pytest tests"><testsuite name="pytest" errors="0" failures="1" skipped="0" tests="2" time="1.531" timestamp="2026-07-31T12:04:04.050618+00:00" hostname="agent-env-ab121d8d-5b3c-4287-9586-5de7e16d9a5b"><testcase classname="tests.backend_test.TestAuthenticationPlaybook" name="test_cors_preflight_supports_credentialed_origin" time="0.107"><failure message="AssertionError: assert None == 'true'&#10; +  where None = get('access-control-allow-credentials')&#10; +    where get = {'Date': 'Fri, 31 Jul 2026 12:04:04 GMT', 'Connection': 'keep-alive', 'Access-Control-Allow-Origin': '*', 'Access-Control-Allow-Headers': '*', 'Access-Control-Allow-Methods': 'GET, POST, PUT, DELETE, OPTIONS, HEAD, PATCH', 'Access-Control-Max-Age': '300', 'set-cookie': '__cf_bm=qcLO0eVWicVCKh8nHFHkaj5dxRCLSwhnMQZRvwe1xE8-1785499444.8227928-1.0.1.1-w5rmpVInppmyyyh68xhkJA6dvyuE9lRYSGyp7.vLIXv7qHuxK5Mz0HDuaRl3y1XKZo9DZPMz9ae9JLonxIgFBTxSvBSzixgjmci7cmcekpokzFKvkBcgOsTUkowK9yp5; HttpOnly; SameSite=None; Secure; Path=/; Domain=preview.emergentagent.com; Expires=Fri, 31 Jul 2026 12:34:04 GMT', 'X-Robots-Tag': 'noindex, nofollow', 'Server': 'cloudflare', 'CF-RAY': 'a23c76aa2c4438bd-ORD'}.get&#10; +      where {'Date': 'Fri, 31 Jul 2026 12:04:04 GMT', 'Connection': 'keep-alive', 'Access-Control-Allow-Origin': '*', 'Access-Control-Allow-Headers': '*', 'Access-Control-Allow-Methods': 'GET, POST, PUT, DELETE, OPTIONS, HEAD, PATCH', 'Access-Control-Max-Age': '300', 'set-cookie': '__cf_bm=qcLO0eVWicVCKh8nHFHkaj5dxRCLSwhnMQZRvwe1xE8-1785499444.8227928-1.0.1.1-w5rmpVInppmyyyh68xhkJA6dvyuE9lRYSGyp7.vLIXv7qHuxK5Mz0HDuaRl3y1XKZo9DZPMz9ae9JLonxIgFBTxSvBSzixgjmci7cmcekpokzFKvkBcgOsTUkowK9yp5; HttpOnly; SameSite=None; Secure; Path=/; Domain=preview.emergentagent.com; Expires=Fri, 31 Jul 2026 12:34:04 GMT', 'X-Robots-Tag': 'noindex, nofollow', 'Server': 'cloudflare', 'CF-RAY': 'a23c76aa2c4438bd-ORD'} = &lt;Response [204]&gt;.headers">backend/tests/backend_test.py:1240: in test_cors_preflight_supports_credentialed_origin
    assert response.headers.get("access-control-allow-credentials") == "true"
E   AssertionError: assert None == 'true'
E    +  where None = get('access-control-allow-credentials')
E    +    where get = {'Date': 'Fri, 31 Jul 2026 12:04:04 GMT', 'Connection': 'keep-alive', 'Access-Control-Allow-Origin': '*', 'Access-Control-Allow-Headers': '*', 'Access-Control-Allow-Methods': 'GET, POST, PUT, DELETE, OPTIONS, HEAD, PATCH', 'Access-Control-Max-Age': '300', 'set-cookie': '__cf_bm=qcLO0eVWicVCKh8nHFHkaj5dxRCLSwhnMQZRvwe1xE8-1785499444.8227928-1.0.1.1-w5rmpVInppmyyyh68xhkJA6dvyuE9lRYSGyp7.vLIXv7qHuxK5Mz0HDuaRl3y1XKZo9DZPMz9ae9JLonxIgFBTxSvBSzixgjmci7cmcekpokzFKvkBcgOsTUkowK9yp5; HttpOnly; SameSite=None; Secure; Path=/; Domain=preview.emergentagent.com; Expires=Fri, 31 Jul 2026 12:34:04 GMT', 'X-Robots-Tag': 'noindex, nofollow', 'Server': 'cloudflare', 'CF-RAY': 'a23c76aa2c4438bd-ORD'}.get
E    +      where {'Date': 'Fri, 31 Jul 2026 12:04:04 GMT', 'Connection': 'keep-alive', 'Access-Control-Allow-Origin': '*', 'Access-Control-Allow-Headers': '*', 'Access-Control-Allow-Methods': 'GET, POST, PUT, DELETE, OPTIONS, HEAD, PATCH', 'Access-Control-Max-Age': '300', 'set-cookie': '__cf_bm=qcLO0eVWicVCKh8nHFHkaj5dxRCLSwhnMQZRvwe1xE8-1785499444.8227928-1.0.1.1-w5rmpVInppmyyyh68xhkJA6dvyuE9lRYSGyp7.vLIXv7qHuxK5Mz0HDuaRl3y1XKZo9DZPMz9ae9JLonxIgFBTxSvBSzixgjmci7cmcekpokzFKvkBcgOsTUkowK9yp5; HttpOnly; SameSite=None; Secure; Path=/; Domain=preview.emergentagent.com; Expires=Fri, 31 Jul 2026 12:34:04 GMT', 'X-Robots-Tag': 'noindex, nofollow', 'Server': 'cloudflare', 'CF-RAY': 'a23c76aa2c4438bd-ORD'} = &lt;Response [204]&gt;.headers</failure></testcase><testcase classname="tests.backend_test.TestTierRefreshAndAutoFix" name="test_firestream_autofix_is_rejected" time="0.782" /></testsuite></testsuites>