<?xml version="1.0" encoding="utf-8"?><testsuites name="pytest tests"><testsuite name="pytest" errors="0" failures="1" skipped="0" tests="9" time="6.572" timestamp="2026-07-31T11:59:14.912839+00:00" hostname="agent-env-ab121d8d-5b3c-4287-9586-5de7e16d9a5b"><testcase classname="tests.backend_test.TestAuthenticationPlaybook" name="test_login_sets_httponly_cookie" time="0.667" /><testcase classname="tests.backend_test.TestAdminUserManagementAndFixLogs" name="test_admin_create_admin_user_login_duplicate_and_no_hash" time="2.032" /><testcase classname="tests.backend_test.TestAuthenticationPlaybook" name="test_new_password_hash_is_bcrypt_2b_and_not_exposed" time="1.335" /><testcase classname="tests.backend_test.TestAuthenticationPlaybook" name="test_brute_force_lockout_after_five_failures" time="0.921" /><testcase classname="tests.backend_test.TestAdminUserManagementAndFixLogs" name="test_non_admin_cannot_create_user" time="0.421" /><testcase classname="tests.backend_test.TestAdminUserManagementAndFixLogs" name="test_admin_password_reset_new_works_old_fails_and_short_rejected" time="1.648" /><testcase classname="tests.backend_test.TestAuthenticationPlaybook" name="test_cors_preflight_supports_credentialed_origin" time="0.069"><failure message="AssertionError: &#10;assert 204 == 200&#10; +  where 204 = &lt;Response [204]&gt;.status_code">backend/tests/backend_test.py:1239: in test_cors_preflight_supports_credentialed_origin
    assert response.status_code == 200, response.text
E   AssertionError: 
E   assert 204 == 200
E    +  where 204 = &lt;Response [204]&gt;.status_code</failure></testcase><testcase classname="tests.backend_test.TestAdminUserManagementAndFixLogs" name="test_role_toggle_delete_and_self_protection_regression" time="1.130" /><testcase classname="tests.backend_test.TestAdminUserManagementAndFixLogs" name="test_fix_logs_admin_shape_order_and_normal_user_scope" time="0.610" /></testsuite></testsuites>