<?xml version="1.0" encoding="utf-8"?><testsuites name="pytest tests"><testsuite name="pytest" errors="0" failures="1" skipped="0" tests="4" time="2.559" timestamp="2026-07-31T13:59:43.259857+00:00" hostname="agent-env-544aa92c-744a-4b31-8bd3-1b17cb2a7575"><testcase classname="tests.backend_test.TestAuthenticationPlaybook" name="test_login_sets_httponly_cookie" time="0.372" /><testcase classname="tests.backend_test.TestAuthenticationPlaybook" name="test_new_password_hash_is_bcrypt_2b_and_not_exposed" time="0.844" /><testcase classname="tests.backend_test.TestAuthenticationPlaybook" name="test_brute_force_lockout_after_five_failures" time="0.647" /><testcase classname="tests.backend_test.TestAuthenticationPlaybook" name="test_cors_preflight_supports_credentialed_origin" time="0.069"><failure message="AssertionError: assert None == 'true'&#10; +  where None = get('access-control-allow-credentials')&#10; +    where get = {'Date': 'Fri, 31 Jul 2026 13:59:45 GMT', 'Connection': 'keep-alive', 'Access-Control-Allow-Origin': '*', 'Access-Control-Allow-Headers': '*', 'Access-Control-Allow-Methods': 'GET, POST, PUT, DELETE, OPTIONS, HEAD, PATCH', 'Access-Control-Max-Age': '300', 'set-cookie': '__cf_bm=oOec_aeI1m3zoG87TYeKasGaEkjokN9WaS01x1QVZAc-1785506385.6588333-1.0.1.1-.wtRpY8hl7LPRFaQnKMFMrP9CM1cI5MdQA7h4gT.sqe5y53TaxZAuReeJmJE5ldateQt4z45JFXFLYWa7W5wWkitzOXLEMqvurMNCdwLGZpB6WjqDvOFc09kkFyM.y0n; HttpOnly; SameSite=None; Secure; Path=/; Domain=preview.emergentagent.com; Expires=Fri, 31 Jul 2026 14:29:45 GMT', 'X-Robots-Tag': 'noindex, nofollow', 'Server': 'cloudflare', 'CF-RAY': 'a23d201e5f02a0b6-ORD'}.get&#10; +      where {'Date': 'Fri, 31 Jul 2026 13:59:45 GMT', 'Connection': 'keep-alive', 'Access-Control-Allow-Origin': '*', 'Access-Control-Allow-Headers': '*', 'Access-Control-Allow-Methods': 'GET, POST, PUT, DELETE, OPTIONS, HEAD, PATCH', 'Access-Control-Max-Age': '300', 'set-cookie': '__cf_bm=oOec_aeI1m3zoG87TYeKasGaEkjokN9WaS01x1QVZAc-1785506385.6588333-1.0.1.1-.wtRpY8hl7LPRFaQnKMFMrP9CM1cI5MdQA7h4gT.sqe5y53TaxZAuReeJmJE5ldateQt4z45JFXFLYWa7W5wWkitzOXLEMqvurMNCdwLGZpB6WjqDvOFc09kkFyM.y0n; HttpOnly; SameSite=None; Secure; Path=/; Domain=preview.emergentagent.com; Expires=Fri, 31 Jul 2026 14:29:45 GMT', 'X-Robots-Tag': 'noindex, nofollow', 'Server': 'cloudflare', 'CF-RAY': 'a23d201e5f02a0b6-ORD'} = &lt;Response [204]&gt;.headers">backend/tests/backend_test.py:1240: in test_cors_preflight_supports_credentialed_origin
    assert response.headers.get("access-control-allow-credentials") == "true"
E   AssertionError: assert None == 'true'
E    +  where None = get('access-control-allow-credentials')
E    +    where get = {'Date': 'Fri, 31 Jul 2026 13:59:45 GMT', 'Connection': 'keep-alive', 'Access-Control-Allow-Origin': '*', 'Access-Control-Allow-Headers': '*', 'Access-Control-Allow-Methods': 'GET, POST, PUT, DELETE, OPTIONS, HEAD, PATCH', 'Access-Control-Max-Age': '300', 'set-cookie': '__cf_bm=oOec_aeI1m3zoG87TYeKasGaEkjokN9WaS01x1QVZAc-1785506385.6588333-1.0.1.1-.wtRpY8hl7LPRFaQnKMFMrP9CM1cI5MdQA7h4gT.sqe5y53TaxZAuReeJmJE5ldateQt4z45JFXFLYWa7W5wWkitzOXLEMqvurMNCdwLGZpB6WjqDvOFc09kkFyM.y0n; HttpOnly; SameSite=None; Secure; Path=/; Domain=preview.emergentagent.com; Expires=Fri, 31 Jul 2026 14:29:45 GMT', 'X-Robots-Tag': 'noindex, nofollow', 'Server': 'cloudflare', 'CF-RAY': 'a23d201e5f02a0b6-ORD'}.get
E    +      where {'Date': 'Fri, 31 Jul 2026 13:59:45 GMT', 'Connection': 'keep-alive', 'Access-Control-Allow-Origin': '*', 'Access-Control-Allow-Headers': '*', 'Access-Control-Allow-Methods': 'GET, POST, PUT, DELETE, OPTIONS, HEAD, PATCH', 'Access-Control-Max-Age': '300', 'set-cookie': '__cf_bm=oOec_aeI1m3zoG87TYeKasGaEkjokN9WaS01x1QVZAc-1785506385.6588333-1.0.1.1-.wtRpY8hl7LPRFaQnKMFMrP9CM1cI5MdQA7h4gT.sqe5y53TaxZAuReeJmJE5ldateQt4z45JFXFLYWa7W5wWkitzOXLEMqvurMNCdwLGZpB6WjqDvOFc09kkFyM.y0n; HttpOnly; SameSite=None; Secure; Path=/; Domain=preview.emergentagent.com; Expires=Fri, 31 Jul 2026 14:29:45 GMT', 'X-Robots-Tag': 'noindex, nofollow', 'Server': 'cloudflare', 'CF-RAY': 'a23d201e5f02a0b6-ORD'} = &lt;Response [204]&gt;.headers</failure></testcase></testsuite></testsuites>